c:\users\tsubasatakaoka\source\repos\ccn2018\ccn2phs\x64\debug\ccn2phs.pch
c:\users\tsubasatakaoka\source\repos\ccn2018\ccn2phs\x64\debug\vc141.pdb
c:\users\tsubasatakaoka\source\repos\ccn2018\ccn2phs\x64\debug\vc141.idb
c:\users\tsubasatakaoka\source\repos\ccn2018\ccn2phs\x64\debug\pch.obj
c:\users\tsubasatakaoka\source\repos\ccn2018\ccn2phs\x64\debug\slime.obj
c:\users\tsubasatakaoka\source\repos\ccn2018\ccn2phs\x64\debug\packet.obj
c:\users\tsubasatakaoka\source\repos\ccn2018\ccn2phs\x64\debug\ccn2phs.obj
c:\users\tsubasatakaoka\source\repos\ccn2018\ccn2phs\x64\debug\ant.obj
c:\users\tsubasatakaoka\source\repos\ccn2018\x64\debug\ccn2phs.exe
c:\users\tsubasatakaoka\source\repos\ccn2018\x64\debug\ccn2phs.ilk
c:\users\tsubasatakaoka\source\repos\ccn2018\x64\debug\ccn2phs.pdb
c:\users\tsubasatakaoka\source\repos\ccn2018\ccn2phs\x64\debug\ccn2phs.res
c:\users\tsubasatakaoka\source\repos\ccn2018\ccn2phs\x64\debug\ccn2phs.tlog\cl.command.1.tlog
c:\users\tsubasatakaoka\source\repos\ccn2018\ccn2phs\x64\debug\ccn2phs.tlog\cl.read.1.tlog
c:\users\tsubasatakaoka\source\repos\ccn2018\ccn2phs\x64\debug\ccn2phs.tlog\cl.write.1.tlog
c:\users\tsubasatakaoka\source\repos\ccn2018\ccn2phs\x64\debug\ccn2phs.tlog\link.command.1.tlog
c:\users\tsubasatakaoka\source\repos\ccn2018\ccn2phs\x64\debug\ccn2phs.tlog\link.read.1.tlog
c:\users\tsubasatakaoka\source\repos\ccn2018\ccn2phs\x64\debug\ccn2phs.tlog\link.write.1.tlog
c:\users\tsubasatakaoka\source\repos\ccn2018\ccn2phs\x64\debug\ccn2phs.tlog\rc.command.1.tlog
c:\users\tsubasatakaoka\source\repos\ccn2018\ccn2phs\x64\debug\ccn2phs.tlog\rc.read.1.tlog
c:\users\tsubasatakaoka\source\repos\ccn2018\ccn2phs\x64\debug\ccn2phs.tlog\rc.write.1.tlog
